{"name":"Application","host":"hostname","hostname":"agility","pid":26958,"level":20,"pretty":"{\"obj\": {\"err\": [ReferenceError: cors is not defined]}}","msg":"Uncaught Exception =>  Um erro não tratado foi encontrado","time":"2019-03-24T00:00:06.862Z","v":0}
{"name":"Application","host":"hostname","hostname":"agility","pid":27002,"level":20,"pretty":"{\"obj\": {\"err\": [ReferenceError: cors is not defined]}}","msg":"Uncaught Exception =>  Um erro não tratado foi encontrado","time":"2019-03-24T00:00:10.662Z","v":0}
{"name":"Application","host":"hostname","hostname":"agility","pid":27060,"level":20,"msg":"SNF Base Route =>  Importing [sample-module] routes from [api/modules/sample-module/route.js]","time":"2019-03-24T00:00:48.046Z","v":0}
{"name":"Application","host":"hostname","hostname":"agility","pid":27060,"level":20,"msg":"SNF Base Server =>  Health check at [/]","time":"2019-03-24T00:00:48.049Z","v":0}
{"name":"Application","host":"hostname","hostname":"agility","pid":27060,"level":20,"pretty":"{\"obj\": {\"err\": [ReferenceError: bunyan is not defined]}}","msg":"Uncaught Exception =>  Um erro não tratado foi encontrado","time":"2019-03-24T00:00:48.052Z","v":0}
{"name":"Application","host":"hostname","hostname":"agility","pid":27146,"level":20,"msg":"SNF Base Route =>  Importing [sample-module] routes from [api/modules/sample-module/route.js]","time":"2019-03-24T00:01:59.448Z","v":0}
{"name":"Application","host":"hostname","hostname":"agility","pid":27146,"level":20,"msg":"SNF Base Server =>  Health check at [/]","time":"2019-03-24T00:01:59.450Z","v":0}
{"name":"Application","host":"hostname","hostname":"agility","pid":27146,"level":20,"pretty":"{\"obj\": {\"err\": [ReferenceError: customMethod is not defined]}}","msg":"Uncaught Exception =>  Um erro não tratado foi encontrado","time":"2019-03-24T00:01:59.455Z","v":0}
{"name":"Application","host":"hostname","hostname":"agility","pid":27202,"level":20,"msg":"SNF Base Route =>  Importing [sample-module] routes from [api/modules/sample-module/route.js]","time":"2019-03-24T00:02:24.767Z","v":0}
{"name":"Application","host":"hostname","hostname":"agility","pid":27202,"level":20,"msg":"SNF Base Server =>  Health check at [/]","time":"2019-03-24T00:02:24.769Z","v":0}
{"name":"Application","host":"hostname","hostname":"agility","pid":27202,"level":20,"msg":"SNF Base Server =>  The sandbox is running as [default] on port [8080]","time":"2019-03-24T00:02:24.774Z","v":0}
{"name":"Application","host":"hostname","hostname":"agility","pid":27303,"level":20,"msg":"SNF Base Route =>  Importing [sample-module] routes from [api/modules/sample-module/route.js]","time":"2019-03-24T00:04:37.696Z","v":0}
{"name":"Application","host":"hostname","hostname":"agility","pid":27303,"level":20,"msg":"SNF Base Server =>  The sandbox is running as [default] on port [8080] [http://localhost:8080/]","time":"2019-03-24T00:04:37.714Z","v":0}
{"name":"Application","host":"hostname","hostname":"agility","pid":27354,"level":20,"msg":"SNF Base Route =>  Importing [sample-module] routes from [api/modules/sample-module/route.js]","time":"2019-03-24T00:05:01.788Z","v":0}
{"name":"Application","host":"hostname","hostname":"agility","pid":27354,"level":20,"msg":"SNF Base Server =>  The sandbox is running as [default] [http://localhost:8080/]","time":"2019-03-24T00:05:01.795Z","v":0}
{"name":"Application","host":"hostname","hostname":"agility","pid":27354,"level":20,"msg":"RequestAndResponseLogger =>  REQUEST eb4d5320b7e04209bbe2bd53cf5af2c8 - GET / - Ip [::1] - Body [undefined] - Header [{\"host\":\"localhost:8080\",\"connection\":\"keep-alive\",\"user-agent\":\"Mozilla/5.0 (X11; Linux x86_64) AppleWebKit/537.36 (KHTML, like Gecko) Chrome/62.0.3202.94 Safari/537.36\",\"upgrade-insecure-requests\":\"1\",\"accept\":\"text/html,application/xhtml+xml,application/xml;q=0.9,image/webp,image/apng,*/*;q=0.8\",\"accept-encoding\":\"gzip, deflate, br\",\"accept-language\":\"pt-BR,pt;q=0.9,en-US;q=0.8,en;q=0.7,es;q=0.6\"}]","time":"2019-03-24T00:05:06.200Z","v":0}
{"name":"Application","host":"hostname","hostname":"agility","pid":27354,"level":20,"msg":"RequestAndResponseLogger =>  RESPONSE eb4d5320b7e04209bbe2bd53cf5af2c8 - GET / - Version [undefined] - Status [200] - Ip [::1] - Body [\"my-application is running\"] - Header [HTTP/1.1 200 OK\r\nServer: restify\r\nContent-Encoding: gzip\r\nContent-Type: application/json\r\nDate: Sun, 24 Mar 2019 00:05:06 GMT\r\nConnection: keep-alive\r\nTransfer-Encoding: chunked\r\n\r\n]","time":"2019-03-24T00:05:06.219Z","v":0}
{"name":"Application","host":"hostname","hostname":"agility","pid":27768,"level":20,"msg":"SNF Base Route =>  Importing [sample-module] routes from [api/modules/sample-module/route.js]","time":"2019-03-24T00:11:37.402Z","v":0}
{"name":"Application","host":"hostname","hostname":"agility","pid":27768,"level":20,"pretty":"{\"obj\": {\"error\": [ReferenceError: server is not defined]}}","msg":"Uncaught Exception =>  An Uncaught Exception was throwed","time":"2019-03-24T00:11:37.410Z","v":0}
{"name":"Application","host":"hostname","hostname":"agility","pid":27819,"level":20,"msg":"SNF Base Route =>  Importing [sample-module] routes from [api/modules/sample-module/route.js]","time":"2019-03-24T00:11:55.591Z","v":0}
{"name":"Application","host":"hostname","hostname":"agility","pid":27819,"level":20,"msg":"SNF Base Server =>  The sandbox is running as [default] [http://localhost:8080/]","time":"2019-03-24T00:11:55.600Z","v":0}
{"name":"Application","host":"hostname","hostname":"agility","pid":27893,"level":20,"msg":"SNF Base Route =>  Importing [sample-module] routes from [api/modules/sample-module/route.js]","time":"2019-03-24T00:13:31.716Z","v":0}
{"name":"Application","host":"hostname","hostname":"agility","pid":27893,"level":20,"pretty":"{\"obj\": {\"error\": [Error: listen EADDRINUSE :::8080]}}","msg":"Uncaught Exception =>  An Uncaught Exception was throwed","time":"2019-03-24T00:13:31.730Z","v":0}
{"name":"Application","host":"hostname","hostname":"agility","pid":27943,"level":20,"msg":"SNF Base Route =>  Importing [sample-module] routes from [api/modules/sample-module/route.js]","time":"2019-03-24T00:13:59.239Z","v":0}
{"name":"Application","host":"hostname","hostname":"agility","pid":27943,"level":20,"pretty":"{\"obj\": {\"error\": [Error: listen EADDRINUSE :::8080]}}","msg":"Uncaught Exception =>  An Uncaught Exception was throwed","time":"2019-03-24T00:13:59.250Z","v":0}
{"name":"Application","host":"hostname","hostname":"agility","pid":28018,"level":20,"msg":"SNF Base Route =>  Importing [sample-module] routes from [api/modules/sample-module/route.js]","time":"2019-03-24T00:14:22.788Z","v":0}
{"name":"Application","host":"hostname","hostname":"agility","pid":28018,"level":20,"msg":"SNF Base Server =>  The sandbox is running as [default] [http://localhost:8080/]","time":"2019-03-24T00:14:22.798Z","v":0}
{"name":"Application","host":"hostname","hostname":"agility","pid":28065,"level":20,"msg":"SNF Base Route =>  Importing [sample-module] routes from [api/modules/sample-module/route.js]","time":"2019-03-24T00:14:39.526Z","v":0}
{"name":"Application","host":"hostname","hostname":"agility","pid":28065,"level":20,"pretty":"{\"obj\": {\"error\": [Error: listen EADDRINUSE :::8080]}}","msg":"Uncaught Exception =>  An Uncaught Exception was throwed","time":"2019-03-24T00:14:39.539Z","v":0}
{"name":"Application","host":"hostname","hostname":"agility","pid":28120,"level":20,"msg":"SNF Base Route =>  Importing [sample-module] routes from [api/modules/sample-module/route.js]","time":"2019-03-24T00:15:44.690Z","v":0}
{"name":"Application","host":"hostname","hostname":"agility","pid":28120,"level":20,"pretty":"{\"obj\": {\"error\": [Error: listen EADDRINUSE :::8080]}}","msg":"Uncaught Exception =>  An Uncaught Exception was throwed","time":"2019-03-24T00:15:44.701Z","v":0}
{"name":"Application","host":"hostname","hostname":"agility","pid":28163,"level":20,"msg":"SNF Base Route =>  Importing [sample-module] routes from [api/modules/sample-module/route.js]","time":"2019-03-24T00:15:53.103Z","v":0}
{"name":"Application","host":"hostname","hostname":"agility","pid":28163,"level":20,"msg":"SNF Base Server =>  The sandbox is running as [default] [http://localhost:8080/]","time":"2019-03-24T00:15:53.112Z","v":0}
{"name":"Application","host":"hostname","hostname":"agility","pid":28163,"level":20,"pretty":"{\"obj\": \"The application has been terminated\"}","msg":"SNF Base Server =>  SNF Base Server","time":"2019-03-24T00:15:54.956Z","v":0}
{"name":"Application","host":"hostname","hostname":"agility","pid":28212,"level":20,"msg":"SNF Base Route =>  Importing [sample-module] routes from [api/modules/sample-module/route.js]","time":"2019-03-24T00:16:05.931Z","v":0}
{"name":"Application","host":"hostname","hostname":"agility","pid":28212,"level":20,"msg":"SNF Base Server =>  The sandbox is running as [default] [http://localhost:8080/]","time":"2019-03-24T00:16:05.941Z","v":0}
{"name":"Application","host":"hostname","hostname":"agility","pid":28212,"level":20,"pretty":"{\"obj\": \"The application has been terminated\"}","msg":"SNF Base Server =>  SNF Base Server","time":"2019-03-24T00:16:07.421Z","v":0}
{"name":"Application","host":"hostname","hostname":"agility","pid":28275,"level":20,"msg":"SNF Base Route =>  Importing [sample-module] routes from [api/modules/sample-module/route.js]","time":"2019-03-24T00:16:58.803Z","v":0}
{"name":"Application","host":"hostname","hostname":"agility","pid":28275,"level":20,"msg":"SNF Base Server =>  The sandbox is running as [default] [http://localhost:8080/]","time":"2019-03-24T00:16:58.813Z","v":0}
{"name":"Application","host":"hostname","hostname":"agility","pid":28275,"level":20,"pretty":"{\"obj\": \"The application has been terminated\"}","msg":"SNF Base Server =>  SNF Base Server","time":"2019-03-24T00:17:00.050Z","v":0}
{"name":"Application","host":"hostname","hostname":"agility","pid":28275,"level":20,"pretty":"{\"obj\": \"The application has been terminated\"}","msg":"SNF Base Server =>  SNF Base Server","time":"2019-03-24T00:17:00.051Z","v":0}
{"name":"Application","host":"hostname","hostname":"agility","pid":28327,"level":20,"msg":"SNF Base Route =>  Importing [sample-module] routes from [api/modules/sample-module/route.js]","time":"2019-03-24T00:17:23.525Z","v":0}
{"name":"Application","host":"hostname","hostname":"agility","pid":28327,"level":20,"msg":"SNF Base Server =>  The sandbox is running as [default] [http://localhost:8080/]","time":"2019-03-24T00:17:23.533Z","v":0}
{"name":"Application","host":"hostname","hostname":"agility","pid":28327,"level":20,"pretty":"{\"obj\": \"The application has been terminated\"}","msg":"SNF Base Server =>  SNF Base Server","time":"2019-03-24T00:17:24.526Z","v":0}
{"name":"Application","host":"hostname","hostname":"agility","pid":28381,"level":20,"msg":"SNF Base Route =>  Importing [sample-module] routes from [api/modules/sample-module/route.js]","time":"2019-03-24T00:17:44.785Z","v":0}
{"name":"Application","host":"hostname","hostname":"agility","pid":28381,"level":20,"msg":"SNF Base Server =>  The sandbox is running as [default] [http://localhost:8080/]","time":"2019-03-24T00:17:44.795Z","v":0}
{"name":"Application","host":"hostname","hostname":"agility","pid":28381,"level":20,"pretty":"{\"obj\": \"The application has been terminated\"}","msg":"SNF Base Server =>  SNF Base Server","time":"2019-03-24T00:17:45.281Z","v":0}
{"name":"Application","host":"hostname","hostname":"agility","pid":28381,"level":20,"msg":"SNF Base Server =>  The application has been terminated","time":"2019-03-24T00:17:45.282Z","v":0}
{"name":"Application","host":"hostname","hostname":"agility","pid":28438,"level":20,"msg":"SNF Base Route =>  Importing [sample-module] routes from [api/modules/sample-module/route.js]","time":"2019-03-24T00:18:11.527Z","v":0}
{"name":"Application","host":"hostname","hostname":"agility","pid":28438,"level":20,"msg":"SNF Base Server =>  The sandbox is running as [default] [http://localhost:8080/]","time":"2019-03-24T00:18:11.539Z","v":0}
{"name":"Application","host":"hostname","hostname":"agility","pid":28438,"level":20,"msg":"SNF Base Server =>  The application has been terminated","time":"2019-03-24T00:18:12.372Z","v":0}
{"name":"Application","host":"hostname","hostname":"agility","pid":28564,"level":20,"msg":"SNF Base Route =>  Importing [sample-module] routes from [api/modules/sample-module/route.js]","time":"2019-03-24T00:21:04.310Z","v":0}
{"name":"Application","host":"hostname","hostname":"agility","pid":28564,"level":20,"msg":"SNF Base Server =>  The sandbox is running as [default] [http://localhost:8080/]","time":"2019-03-24T00:21:04.321Z","v":0}
{"name":"Application","host":"hostname","hostname":"agility","pid":28564,"level":20,"msg":"Database =>  Conectado com sucesso no banco de dados [application] [mongodb://localhost:27017/my-application]","time":"2019-03-24T00:21:04.382Z","v":0}
{"name":"Application","host":"hostname","hostname":"agility","pid":28593,"level":20,"msg":"SNF Base Route =>  Importing [sample-module] routes from [api/modules/sample-module/route.js]","time":"2019-03-24T00:21:22.001Z","v":0}
{"name":"Application","host":"hostname","hostname":"agility","pid":28593,"level":20,"msg":"SNF Base Server =>  The sandbox is running as [default] [http://localhost:8080/]","time":"2019-03-24T00:21:22.013Z","v":0}
{"name":"Application","host":"hostname","hostname":"agility","pid":28613,"level":20,"msg":"SNF Base Route =>  Importing [sample-module] routes from [api/modules/sample-module/route.js]","time":"2019-03-24T00:21:27.577Z","v":0}
{"name":"Application","host":"hostname","hostname":"agility","pid":28613,"level":20,"msg":"SNF Base Server =>  The sandbox is running as [default] [http://localhost:8080/]","time":"2019-03-24T00:21:27.588Z","v":0}
{"name":"Application","host":"hostname","hostname":"agility","pid":28613,"level":20,"msg":"Database =>  Conectado com sucesso no banco de dados [application] [mongodb://localhost:27017/my-application]","time":"2019-03-24T00:21:27.655Z","v":0}
{"name":"Application","host":"hostname","hostname":"agility","pid":28613,"level":20,"msg":"SNF Base Server =>  The application has been terminated","time":"2019-03-24T00:27:22.849Z","v":0}
{"name":"Application","host":"hostname","hostname":"agility","pid":28796,"level":20,"msg":"SNF Base Route =>  Importing [sample-module] routes from [api/modules/sample-module/route.js]","time":"2019-03-24T00:27:25.062Z","v":0}
{"name":"Application","host":"hostname","hostname":"agility","pid":28796,"level":20,"msg":"SNF Base Server =>  The sandbox is running as [default] [http://localhost:8080/]","time":"2019-03-24T00:27:25.073Z","v":0}
{"name":"Application","host":"hostname","hostname":"agility","pid":28796,"level":20,"pretty":"{\"obj\": {\"error\": [ReferenceError: redis is not defined]}}","msg":"Uncaught Exception =>  An Uncaught Exception was throwed","time":"2019-03-24T00:27:25.095Z","v":0}
{"name":"Application","host":"hostname","hostname":"agility","pid":28796,"level":20,"msg":"Database =>  Conectado com sucesso no banco de dados [application] [mongodb://localhost:27017/my-application]","time":"2019-03-24T00:27:25.168Z","v":0}
{"name":"Application","host":"hostname","hostname":"agility","pid":28796,"level":20,"msg":"SNF Base Server =>  The application has been terminated","time":"2019-03-24T00:27:51.548Z","v":0}
{"name":"Application","host":"hostname","hostname":"agility","pid":28861,"level":20,"msg":"SNF Base Route =>  Importing [sample-module] routes from [api/modules/sample-module/route.js]","time":"2019-03-24T00:27:53.732Z","v":0}
{"name":"Application","host":"hostname","hostname":"agility","pid":28861,"level":20,"msg":"SNF Base Server =>  The sandbox is running as [default] [http://localhost:8080/]","time":"2019-03-24T00:27:53.743Z","v":0}
{"name":"Application","host":"hostname","hostname":"agility","pid":28861,"level":20,"msg":"Database =>  Conectado com sucesso no banco de dados [application] [mongodb://localhost:27017/my-application]","time":"2019-03-24T00:27:53.820Z","v":0}
{"name":"Application","host":"hostname","hostname":"agility","pid":28861,"level":20,"msg":"SNF Base Server =>  The application has been terminated","time":"2019-03-24T00:28:38.659Z","v":0}
{"name":"Application","host":"hostname","hostname":"agility","pid":28927,"level":20,"msg":"SNF Base Route =>  Importing [sample-module] routes from [api/modules/sample-module/route.js]","time":"2019-03-24T00:28:40.448Z","v":0}
{"name":"Application","host":"hostname","hostname":"agility","pid":28927,"level":20,"msg":"SNF Base Server =>  The sandbox is running as [default] [http://localhost:8080/]","time":"2019-03-24T00:28:40.460Z","v":0}
{"name":"Application","host":"hostname","hostname":"agility","pid":28927,"level":20,"msg":"Database =>  Conectado com sucesso no banco de dados [application] [mongodb://localhost:27017/my-application]","time":"2019-03-24T00:28:40.498Z","v":0}
{"name":"Application","host":"hostname","hostname":"agility","pid":28927,"level":20,"msg":"SNF Base Server =>  The application has been terminated","time":"2019-03-24T00:29:04.756Z","v":0}
{"name":"Application","host":"hostname","hostname":"agility","pid":28984,"level":20,"msg":"SNF Base Route =>  Importing [sample-module] routes from [api/modules/sample-module/route.js]","time":"2019-03-24T00:29:06.549Z","v":0}
{"name":"Application","host":"hostname","hostname":"agility","pid":28984,"level":20,"msg":"SNF Base Server =>  The sandbox is running as [default] [http://localhost:8080/]","time":"2019-03-24T00:29:06.560Z","v":0}
{"name":"Application","host":"hostname","hostname":"agility","pid":28984,"level":20,"msg":"Redis =>  Tentando conectar no REDIS [localhost:6379]","time":"2019-03-24T00:29:06.624Z","v":0}
{"name":"Application","host":"hostname","hostname":"agility","pid":28984,"level":20,"msg":"Database =>  Conectado com sucesso no banco de dados [application] [mongodb://localhost:27017/my-application]","time":"2019-03-24T00:29:06.675Z","v":0}
{"name":"Application","host":"hostname","hostname":"agility","pid":28984,"level":20,"msg":"SNF Base Server =>  The application has been terminated","time":"2019-03-24T00:29:09.552Z","v":0}
{"name":"Application","host":"hostname","hostname":"agility","pid":28984,"level":20,"msg":"Redis =>  A conexão com o REDIS foi estabelecida. [localhost:6379]","time":"2019-03-24T00:31:31.899Z","v":0}
{"name":"Application","host":"hostname","hostname":"agility","pid":29556,"level":20,"msg":"SNF Base Route =>  Importing [sample-module] routes from [api/modules/sample-module/route.js]","time":"2019-03-24T00:32:58.760Z","v":0}
{"name":"Application","host":"hostname","hostname":"agility","pid":29556,"level":20,"msg":"SNF Base Server =>  The sandbox is running as [default] [http://localhost:8080/]","time":"2019-03-24T00:32:58.771Z","v":0}
{"name":"Application","host":"hostname","hostname":"agility","pid":29556,"level":20,"msg":"Redis =>  Tentando conectar no REDIS [localhost:6379]","time":"2019-03-24T00:32:58.836Z","v":0}
{"name":"Application","host":"hostname","hostname":"agility","pid":29556,"level":20,"msg":"Redis =>  A conexão com o REDIS foi estabelecida. [localhost:6379]","time":"2019-03-24T00:32:58.880Z","v":0}
{"name":"Application","host":"hostname","hostname":"agility","pid":29556,"level":20,"msg":"Database =>  Conectado com sucesso no banco de dados [application] [mongodb://localhost:27017/my-application]","time":"2019-03-24T00:32:58.890Z","v":0}
{"name":"Application","host":"hostname","hostname":"agility","pid":29556,"level":20,"msg":"SNF Base Server =>  The application has been terminated","time":"2019-03-24T00:33:04.699Z","v":0}
{"name":"Application","host":"hostname","hostname":"agility","pid":29615,"level":20,"msg":"SNF Base Route =>  Importing [sample-module] routes from [api/modules/sample-module/route.js]","time":"2019-03-24T00:33:33.881Z","v":0}
{"name":"Application","host":"hostname","hostname":"agility","pid":29615,"level":20,"msg":"SNF Base Server =>  The sandbox is running as [default] [http://localhost:8080/]","time":"2019-03-24T00:33:33.892Z","v":0}
{"name":"Application","host":"hostname","hostname":"agility","pid":29615,"level":20,"msg":"Redis =>  Tentando conectar no REDIS [localhost:6379]","time":"2019-03-24T00:33:33.959Z","v":0}
{"name":"Application","host":"hostname","hostname":"agility","pid":29615,"level":20,"msg":"Redis =>  A conexão com o REDIS foi estabelecida. [localhost:6379]","time":"2019-03-24T00:33:33.998Z","v":0}
{"name":"Application","host":"hostname","hostname":"agility","pid":29615,"level":20,"msg":"Database =>  Conectado com sucesso no banco de dados [application] [mongodb://localhost:27017/my-application]","time":"2019-03-24T00:33:34.012Z","v":0}
{"name":"Application","host":"hostname","hostname":"agility","pid":29615,"level":20,"msg":"SNF Base Server =>  The application has been terminated","time":"2019-03-24T00:33:34.958Z","v":0}
{"name":"Application","host":"hostname","hostname":"agility","pid":29615,"level":20,"msg":"Database =>  A conexão com o banco de dados foi fechada [application] [mongodb://localhost:27017/my-application]","time":"2019-03-24T00:33:34.965Z","v":0}
{"name":"Application","host":"hostname","hostname":"agility","pid":29615,"level":20,"msg":"Redis =>  A conexão com o REDIS foi finalizada. [localhost:6379]","time":"2019-03-24T00:33:34.968Z","v":0}
{"name":"Application","host":"hostname","hostname":"agility","pid":29684,"level":20,"msg":"SNF Base Route =>  Importing [sample-module] routes from [api/modules/sample-module/route.js]","time":"2019-03-24T00:34:10.052Z","v":0}
{"name":"Application","host":"hostname","hostname":"agility","pid":29684,"level":20,"msg":"SNF Base Server =>  The sandbox is running as [default] [http://localhost:8080/]","time":"2019-03-24T00:34:10.063Z","v":0}
{"name":"Application","host":"hostname","hostname":"agility","pid":29684,"level":20,"msg":"SNF Redis =>  Tentando conectar no REDIS [localhost:6379]","time":"2019-03-24T00:34:10.132Z","v":0}
{"name":"Application","host":"hostname","hostname":"agility","pid":29684,"level":20,"msg":"SNF Redis =>  A conexão com o REDIS foi estabelecida. [localhost:6379]","time":"2019-03-24T00:34:10.179Z","v":0}
{"name":"Application","host":"hostname","hostname":"agility","pid":29684,"level":20,"msg":"SNF Database =>  Conectado com sucesso no banco de dados [application] [mongodb://localhost:27017/my-application]","time":"2019-03-24T00:34:10.189Z","v":0}
{"name":"Application","host":"hostname","hostname":"agility","pid":29684,"level":20,"msg":"SNF Base Server =>  The application has been terminated","time":"2019-03-24T00:34:31.004Z","v":0}
{"name":"Application","host":"hostname","hostname":"agility","pid":29684,"level":20,"msg":"SNF Redis =>  A conexão com o REDIS foi finalizada. [localhost:6379]","time":"2019-03-24T00:34:31.012Z","v":0}
{"name":"Application","host":"hostname","hostname":"agility","pid":29684,"level":20,"msg":"SNF Database =>  A conexão com o banco de dados foi fechada [application] [mongodb://localhost:27017/my-application]","time":"2019-03-24T00:34:31.013Z","v":0}
{"name":"Application","host":"hostname","hostname":"agility","pid":29779,"level":20,"msg":"SNF Route =>  Importing [sample-module] routes from [api/modules/sample-module/route.js]","time":"2019-03-24T00:34:33.154Z","v":0}
{"name":"Application","host":"hostname","hostname":"agility","pid":29779,"level":20,"msg":"SNF Server =>  The sandbox is running as [default] [http://localhost:8080/]","time":"2019-03-24T00:34:33.166Z","v":0}
{"name":"Application","host":"hostname","hostname":"agility","pid":29779,"level":20,"msg":"SNF Redis =>  Tentando conectar no REDIS [localhost:6379]","time":"2019-03-24T00:34:33.229Z","v":0}
{"name":"Application","host":"hostname","hostname":"agility","pid":29779,"level":20,"msg":"SNF Redis =>  A conexão com o REDIS foi estabelecida. [localhost:6379]","time":"2019-03-24T00:34:33.270Z","v":0}
{"name":"Application","host":"hostname","hostname":"agility","pid":29779,"level":20,"msg":"SNF Database =>  Conectado com sucesso no banco de dados [application] [mongodb://localhost:27017/my-application]","time":"2019-03-24T00:34:33.283Z","v":0}
{"name":"Application","host":"hostname","hostname":"agility","pid":29779,"level":20,"msg":"SNF Server =>  The application has been terminated","time":"2019-03-24T00:34:35.255Z","v":0}
{"name":"Application","host":"hostname","hostname":"agility","pid":29779,"level":20,"msg":"SNF Database =>  A conexão com o banco de dados foi fechada [application] [mongodb://localhost:27017/my-application]","time":"2019-03-24T00:34:35.261Z","v":0}
{"name":"Application","host":"hostname","hostname":"agility","pid":29779,"level":20,"msg":"SNF Redis =>  A conexão com o REDIS foi finalizada. [localhost:6379]","time":"2019-03-24T00:34:35.265Z","v":0}
{"name":"Application","host":"hostname","hostname":"agility","pid":29979,"level":20,"msg":"SNF Route =>  Importing [sample-module] routes from [api/modules/sample-module/route.js]","time":"2019-03-24T00:39:17.082Z","v":0}
{"name":"Application","host":"hostname","hostname":"agility","pid":29979,"level":20,"msg":"SNF Server =>  The sandbox is running as [default] [http://localhost:8080/]","time":"2019-03-24T00:39:17.094Z","v":0}
{"name":"Application","host":"hostname","hostname":"agility","pid":29979,"level":20,"msg":"SNF Redis =>  Tentando conectar no REDIS [localhost:6379]","time":"2019-03-24T00:39:17.171Z","v":0}
{"name":"Application","host":"hostname","hostname":"agility","pid":29979,"level":20,"msg":"SNF Redis =>  A conexão com o REDIS foi estabelecida. [localhost:6379]","time":"2019-03-24T00:39:17.222Z","v":0}
{"name":"Application","host":"hostname","hostname":"agility","pid":29979,"level":20,"msg":"SNF Database =>  Connected at database [application] [mongodb://localhost:27017/my-application]","time":"2019-03-24T00:39:17.230Z","v":0}
{"name":"Application","host":"hostname","hostname":"agility","pid":29979,"level":20,"msg":"SNF Server =>  The application has been terminated","time":"2019-03-24T00:39:34.651Z","v":0}
{"name":"Application","host":"hostname","hostname":"agility","pid":29979,"level":20,"msg":"SNF Database =>  Disconected from database [application] [mongodb://localhost:27017/my-application]","time":"2019-03-24T00:39:34.662Z","v":0}
{"name":"Application","host":"hostname","hostname":"agility","pid":29979,"level":20,"msg":"SNF Redis =>  A conexão com o REDIS foi finalizada. [localhost:6379]","time":"2019-03-24T00:39:34.675Z","v":0}
{"name":"Application","host":"hostname","hostname":"agility","pid":30037,"level":20,"msg":"SNF Route =>  Importing [sample-module] routes from [api/modules/sample-module/route.js]","time":"2019-03-24T00:39:36.532Z","v":0}
{"name":"Application","host":"hostname","hostname":"agility","pid":30037,"level":20,"msg":"SNF Server =>  The sandbox is running as [default] [http://localhost:8080/]","time":"2019-03-24T00:39:36.543Z","v":0}
{"name":"Application","host":"hostname","hostname":"agility","pid":30037,"level":20,"msg":"SNF Redis =>  Tentando conectar no REDIS [localhost:6379]","time":"2019-03-24T00:39:36.593Z","v":0}
{"name":"Application","host":"hostname","hostname":"agility","pid":30037,"level":50,"pretty":"{\"obj\": [MongoParseError: Invalid connection string]}","msg":"SNF Database =>  Database connection error [application] [mongodb://localhost:27017/my-application]","time":"2019-03-24T00:39:36.601Z","v":0}
{"name":"Application","host":"hostname","hostname":"agility","pid":30037,"level":20,"msg":"SNF Redis =>  A conexão com o REDIS foi estabelecida. [localhost:6379]","time":"2019-03-24T00:39:36.609Z","v":0}
{"name":"Application","host":"hostname","hostname":"agility","pid":30037,"level":20,"msg":"SNF Server =>  The application has been terminated","time":"2019-03-24T00:42:11.587Z","v":0}
{"name":"Application","host":"hostname","hostname":"agility","pid":30037,"level":20,"msg":"SNF Redis =>  A conexão com o REDIS foi finalizada. [localhost:6379]","time":"2019-03-24T00:42:11.593Z","v":0}
{"name":"Application","host":"hostname","hostname":"agility","pid":30152,"level":20,"msg":"SNF Route =>  Importing [sample-module] routes from [api/modules/sample-module/route.js]","time":"2019-03-24T00:42:13.605Z","v":0}
{"name":"Application","host":"hostname","hostname":"agility","pid":30152,"level":20,"msg":"SNF Server =>  The sandbox is running as [default] [http://localhost:8080/]","time":"2019-03-24T00:42:13.618Z","v":0}
{"name":"Application","host":"hostname","hostname":"agility","pid":30152,"level":20,"msg":"SNF Redis =>  Connecting at REDIS [localhost:6379]","time":"2019-03-24T00:42:13.689Z","v":0}
{"name":"Application","host":"hostname","hostname":"agility","pid":30152,"level":20,"msg":"SNF Redis =>  Connected at REDIS [localhost:6379]","time":"2019-03-24T00:42:13.728Z","v":0}
{"name":"Application","host":"hostname","hostname":"agility","pid":30152,"level":20,"msg":"SNF Database =>  Connected at database [application] [mongodb://localhost:27017/my-application]","time":"2019-03-24T00:42:13.740Z","v":0}
{"name":"Application","host":"hostname","hostname":"agility","pid":30152,"level":20,"msg":"SNF Server =>  The application has been terminated","time":"2019-03-24T00:42:47.376Z","v":0}
{"name":"Application","host":"hostname","hostname":"agility","pid":30152,"level":20,"msg":"SNF Database =>  Disconected from database [application] [mongodb://localhost:27017/my-application]","time":"2019-03-24T00:42:47.384Z","v":0}
{"name":"Application","host":"hostname","hostname":"agility","pid":30152,"level":20,"msg":"SNF Redis =>  Disconected from REDIS [localhost:6379]","time":"2019-03-24T00:42:47.386Z","v":0}
{"name":"Application","host":"hostname","hostname":"agility","pid":30211,"level":20,"msg":"SNF Route =>  Importing [sample-module] routes from [api/modules/sample-module/route.js]","time":"2019-03-24T00:42:49.244Z","v":0}
{"name":"Application","host":"hostname","hostname":"agility","pid":30211,"level":20,"msg":"SNF Server =>  The sandbox is running as [default] [http://localhost:8080/]","time":"2019-03-24T00:42:49.255Z","v":0}
{"name":"Application","host":"hostname","hostname":"agility","pid":30211,"level":20,"msg":"SNF Redis =>  Connecting at REDIS [localhost:6379]","time":"2019-03-24T00:42:49.321Z","v":0}
{"name":"Application","host":"hostname","hostname":"agility","pid":30211,"level":20,"msg":"SNF Redis =>  Connected at REDIS [localhost:6379]","time":"2019-03-24T00:42:49.370Z","v":0}
{"name":"Application","host":"hostname","hostname":"agility","pid":30211,"level":20,"msg":"SNF Database =>  Connected at database [application] [mongodb://localhost:27017/my-application]","time":"2019-03-24T00:42:49.382Z","v":0}
{"name":"Application","host":"hostname","hostname":"agility","pid":30211,"level":20,"msg":"SNF Server =>  The application has been terminated","time":"2019-03-24T00:42:54.797Z","v":0}
{"name":"Application","host":"hostname","hostname":"agility","pid":30211,"level":20,"msg":"SNF Redis =>  Disconected from REDIS [localhost:6379]","time":"2019-03-24T00:42:54.805Z","v":0}
{"name":"Application","host":"hostname","hostname":"agility","pid":30211,"level":20,"msg":"SNF Database =>  Disconected from database [application] [mongodb://localhost:27017/my-application]","time":"2019-03-24T00:42:54.807Z","v":0}
{"name":"Application","host":"hostname","hostname":"agility","pid":30302,"level":20,"msg":"SNF Route =>  Importing [sample-module] routes from [api/modules/sample-module/route.js]","time":"2019-03-24T00:44:03.359Z","v":0}
{"name":"Application","host":"hostname","hostname":"agility","pid":30302,"level":20,"msg":"SNF Server =>  The sandbox is running as [default] [http://localhost:8080/]","time":"2019-03-24T00:44:03.371Z","v":0}
{"name":"Application","host":"hostname","hostname":"agility","pid":30302,"level":20,"msg":"SNF Redis =>  Connecting at REDIS [localhost:6379]","time":"2019-03-24T00:44:03.428Z","v":0}
{"name":"Application","host":"hostname","hostname":"agility","pid":30302,"level":20,"msg":"SNF Redis =>  Connected at REDIS [localhost:6379]","time":"2019-03-24T00:44:03.474Z","v":0}
{"name":"Application","host":"hostname","hostname":"agility","pid":30302,"level":20,"msg":"SNF Database =>  Connected at database [application] [mongodb://localhost:27017/my-application]","time":"2019-03-24T00:44:03.485Z","v":0}
{"name":"Application","host":"hostname","hostname":"agility","pid":30302,"level":20,"msg":"SNF Server =>  The application has been terminated","time":"2019-03-24T00:44:07.410Z","v":0}
{"name":"Application","host":"hostname","hostname":"agility","pid":30302,"level":20,"msg":"SNF Redis =>  Disconected from REDIS [localhost:6379]","time":"2019-03-24T00:44:07.418Z","v":0}
{"name":"Application","host":"hostname","hostname":"agility","pid":30302,"level":20,"msg":"SNF Database =>  Disconected from database [application] [mongodb://localhost:27017/my-application]","time":"2019-03-24T00:44:07.425Z","v":0}
{"name":"Application","host":"hostname","hostname":"agility","pid":30394,"level":20,"msg":"SNF Route =>  Importing [sample-module] routes from [api/modules/sample-module/route.js]","time":"2019-03-24T00:44:29.794Z","v":0}
{"name":"Application","host":"hostname","hostname":"agility","pid":30394,"level":20,"msg":"SNF Server =>  The sandbox is running as [default] [http://localhost:8080/]","time":"2019-03-24T00:44:29.806Z","v":0}
{"name":"Application","host":"hostname","hostname":"agility","pid":30394,"level":20,"pretty":"{\"obj\": {\"error\": [ReferenceError: config is not defined]}}","msg":"Uncaught Exception =>  An Uncaught Exception was throwed","time":"2019-03-24T00:44:29.809Z","v":0}
{"name":"Application","host":"hostname","hostname":"agility","pid":30394,"level":20,"msg":"SNF Server =>  The application has been terminated","time":"2019-03-24T00:44:46.671Z","v":0}
{"name":"Application","host":"hostname","hostname":"agility","pid":30451,"level":20,"msg":"SNF Route =>  Importing [sample-module] routes from [api/modules/sample-module/route.js]","time":"2019-03-24T00:44:48.385Z","v":0}
{"name":"Application","host":"hostname","hostname":"agility","pid":30451,"level":20,"msg":"SNF Server =>  The sandbox is running as [default] [http://localhost:8080/]","time":"2019-03-24T00:44:48.398Z","v":0}
{"name":"Application","host":"hostname","hostname":"agility","pid":30451,"level":20,"msg":"SNF Database =>  Connecting at database [application] [mongodb://localhost:27017/my-application]...","time":"2019-03-24T00:44:48.399Z","v":0}
{"name":"Application","host":"hostname","hostname":"agility","pid":30451,"level":20,"msg":"SNF Redis =>  Connecting at REDIS [localhost:6379]","time":"2019-03-24T00:44:48.470Z","v":0}
{"name":"Application","host":"hostname","hostname":"agility","pid":30451,"level":20,"msg":"SNF Redis =>  Connected at REDIS [localhost:6379]","time":"2019-03-24T00:44:48.511Z","v":0}
{"name":"Application","host":"hostname","hostname":"agility","pid":30451,"level":20,"msg":"SNF Database =>  Connected at database [application] [mongodb://localhost:27017/my-application]","time":"2019-03-24T00:44:48.524Z","v":0}
{"name":"Application","host":"hostname","hostname":"agility","pid":30451,"level":20,"msg":"SNF Server =>  The application has been terminated","time":"2019-03-24T00:45:10.631Z","v":0}
{"name":"Application","host":"hostname","hostname":"agility","pid":30451,"level":20,"msg":"SNF Database =>  Disconected from database [application] [mongodb://localhost:27017/my-application]","time":"2019-03-24T00:45:10.639Z","v":0}
{"name":"Application","host":"hostname","hostname":"agility","pid":30451,"level":20,"msg":"SNF Redis =>  Disconected from REDIS [localhost:6379]","time":"2019-03-24T00:45:10.642Z","v":0}
{"name":"Application","host":"hostname","hostname":"agility","pid":30504,"level":20,"msg":"SNF Route =>  Importing [sample-module] routes from [api/modules/sample-module/route.js]","time":"2019-03-24T00:45:12.545Z","v":0}
{"name":"Application","host":"hostname","hostname":"agility","pid":30504,"level":20,"msg":"SNF Server =>  The sandbox is running as [default] [http://localhost:8080/]","time":"2019-03-24T00:45:12.556Z","v":0}
{"name":"Application","host":"hostname","hostname":"agility","pid":30504,"level":20,"msg":"SNF Database =>  Connecting at database [application] [mongodb://localhost:27017/my-application]...","time":"2019-03-24T00:45:12.557Z","v":0}
{"name":"Application","host":"hostname","hostname":"agility","pid":30504,"level":20,"msg":"SNF Redis =>  Connecting at REDIS [localhost:6379]...","time":"2019-03-24T00:45:12.614Z","v":0}
{"name":"Application","host":"hostname","hostname":"agility","pid":30504,"level":20,"msg":"SNF Redis =>  Connected at REDIS [localhost:6379]","time":"2019-03-24T00:45:12.657Z","v":0}
{"name":"Application","host":"hostname","hostname":"agility","pid":30504,"level":20,"msg":"SNF Database =>  Connected at database [application] [mongodb://localhost:27017/my-application]","time":"2019-03-24T00:45:12.667Z","v":0}
{"name":"Application","host":"hostname","hostname":"agility","pid":30504,"level":20,"msg":"SNF Server =>  The application has been terminated","time":"2019-03-24T00:45:23.302Z","v":0}
{"name":"Application","host":"hostname","hostname":"agility","pid":30504,"level":20,"msg":"SNF Database =>  Disconected from database [application] [mongodb://localhost:27017/my-application]","time":"2019-03-24T00:45:23.316Z","v":0}
{"name":"Application","host":"hostname","hostname":"agility","pid":30504,"level":20,"msg":"SNF Redis =>  Disconected from REDIS [localhost:6379]","time":"2019-03-24T00:45:23.322Z","v":0}
{"name":"Application","host":"hostname","hostname":"agility","pid":28984,"level":20,"msg":"Redis =>  A conexão com o REDIS foi estabelecida. [localhost:6379]","time":"2019-03-24T00:45:38.703Z","v":0}
{"name":"Application","host":"hostname","hostname":"agility","pid":29556,"level":20,"msg":"Redis =>  A conexão com o REDIS foi estabelecida. [localhost:6379]","time":"2019-03-24T00:45:38.707Z","v":0}
{"name":"Application","host":"hostname","hostname":"agility","pid":30644,"level":20,"msg":"SNF Route =>  Importing [sample-module] routes from [api/modules/sample-module/route.js]","time":"2019-03-24T00:45:42.945Z","v":0}
{"name":"Application","host":"hostname","hostname":"agility","pid":30644,"level":20,"msg":"SNF Server =>  The sandbox is running as [default] [http://localhost:8080/]","time":"2019-03-24T00:45:42.955Z","v":0}
{"name":"Application","host":"hostname","hostname":"agility","pid":30644,"level":20,"msg":"SNF Database =>  Connecting at database [application] [mongodb://localhost:27017/my-application]...","time":"2019-03-24T00:45:42.957Z","v":0}
{"name":"Application","host":"hostname","hostname":"agility","pid":30644,"level":20,"msg":"SNF Redis =>  Connecting at REDIS [localhost:6379]...","time":"2019-03-24T00:45:43.024Z","v":0}
{"name":"Application","host":"hostname","hostname":"agility","pid":30644,"level":20,"msg":"SNF Database =>  Connected at database [application] [mongodb://localhost:27017/my-application]","time":"2019-03-24T00:45:43.075Z","v":0}
{"name":"Application","host":"hostname","hostname":"agility","pid":30644,"level":20,"msg":"SNF Redis =>  Connected at REDIS [localhost:6379]","time":"2019-03-24T00:45:46.986Z","v":0}
{"name":"Application","host":"hostname","hostname":"agility","pid":28984,"level":20,"msg":"Redis =>  A conexão com o REDIS foi estabelecida. [localhost:6379]","time":"2019-03-24T00:45:47.236Z","v":0}
{"name":"Application","host":"hostname","hostname":"agility","pid":29556,"level":20,"msg":"Redis =>  A conexão com o REDIS foi estabelecida. [localhost:6379]","time":"2019-03-24T00:45:47.254Z","v":0}
{"name":"Application","host":"hostname","hostname":"agility","pid":30644,"level":20,"msg":"SNF Redis =>  Connected at REDIS [localhost:6379]","time":"2019-03-24T00:45:47.648Z","v":0}
{"name":"Application","host":"hostname","hostname":"agility","pid":29556,"level":20,"msg":"Redis =>  A conexão com o REDIS foi estabelecida. [localhost:6379]","time":"2019-03-24T00:45:56.394Z","v":0}
{"name":"Application","host":"hostname","hostname":"agility","pid":28984,"level":20,"msg":"Redis =>  A conexão com o REDIS foi estabelecida. [localhost:6379]","time":"2019-03-24T00:45:56.394Z","v":0}
{"name":"Application","host":"hostname","hostname":"agility","pid":30933,"level":20,"msg":"SNF Route =>  Importing [sample-module] routes from [api/modules/sample-module/route.js]","time":"2019-03-24T00:46:25.928Z","v":0}
{"name":"Application","host":"hostname","hostname":"agility","pid":30933,"level":20,"pretty":"{\"obj\": {\"error\": [Error: listen EADDRINUSE :::8080]}}","msg":"Uncaught Exception =>  An Uncaught Exception was throwed","time":"2019-03-24T00:46:25.942Z","v":0}
{"name":"Application","host":"hostname","hostname":"agility","pid":31099,"level":20,"msg":"SNF Route =>  Importing [sample-module] routes from [api/modules/sample-module/route.js]","time":"2019-03-24T00:46:36.758Z","v":0}
{"name":"Application","host":"hostname","hostname":"agility","pid":31099,"level":20,"pretty":"{\"obj\": {\"error\": [Error: listen EADDRINUSE :::8080]}}","msg":"Uncaught Exception =>  An Uncaught Exception was throwed","time":"2019-03-24T00:46:36.772Z","v":0}
{"name":"Application","host":"hostname","hostname":"agility","pid":31156,"level":20,"msg":"SNF Route =>  Importing [sample-module] routes from [api/modules/sample-module/route.js]","time":"2019-03-24T00:46:43.258Z","v":0}
{"name":"Application","host":"hostname","hostname":"agility","pid":31156,"level":20,"msg":"SNF Server =>  The sandbox is running as [default] [http://localhost:8080/]","time":"2019-03-24T00:46:43.270Z","v":0}
{"name":"Application","host":"hostname","hostname":"agility","pid":31156,"level":20,"msg":"SNF Redis =>  Connected at REDIS [localhost:6379]","time":"2019-03-24T00:46:43.369Z","v":0}
{"name":"Application","host":"hostname","hostname":"agility","pid":31156,"level":20,"msg":"SNF Database =>  Connected at database [application] [mongodb://localhost:27017/my-application]","time":"2019-03-24T00:46:43.378Z","v":0}
{"name":"Application","host":"hostname","hostname":"agility","pid":31156,"level":20,"msg":"SNF Server =>  The application has been terminated","time":"2019-03-24T00:46:51.857Z","v":0}
{"name":"Application","host":"hostname","hostname":"agility","pid":31156,"level":20,"msg":"SNF Database =>  Disconected from database [application] [mongodb://localhost:27017/my-application]","time":"2019-03-24T00:46:51.864Z","v":0}
{"name":"Application","host":"hostname","hostname":"agility","pid":31156,"level":20,"msg":"SNF Redis =>  Disconected from REDIS [localhost:6379]","time":"2019-03-24T00:46:51.870Z","v":0}
{"name":"Application","host":"hostname","hostname":"agility","pid":31284,"level":20,"msg":"SNF Route =>  Importing [sample-module] routes from [api/modules/sample-module/route.js]","time":"2019-03-24T00:46:59.403Z","v":0}
{"name":"Application","host":"hostname","hostname":"agility","pid":31284,"level":20,"msg":"SNF Server =>  The sandbox is running as [default] [http://localhost:8080/]","time":"2019-03-24T00:46:59.415Z","v":0}
{"name":"Application","host":"hostname","hostname":"agility","pid":31284,"level":20,"msg":"SNF Database =>  Connected at database [application] [mongodb://localhost:27017/my-application]","time":"2019-03-24T00:46:59.518Z","v":0}
{"name":"Application","host":"hostname","hostname":"agility","pid":31284,"level":20,"msg":"SNF Server =>  The application has been terminated","time":"2019-03-24T00:47:00.919Z","v":0}
{"name":"Application","host":"hostname","hostname":"agility","pid":31284,"level":20,"msg":"SNF Database =>  Disconected from database [application] [mongodb://localhost:27017/my-application]","time":"2019-03-24T00:47:00.926Z","v":0}
{"name":"Application","host":"hostname","hostname":"agility","pid":31284,"level":20,"msg":"SNF Redis =>  Connected at REDIS [localhost:6379]","time":"2019-03-24T00:47:04.093Z","v":0}
{"name":"Application","host":"hostname","hostname":"agility","pid":31284,"level":20,"msg":"SNF Redis =>  Connected at REDIS [localhost:6379]","time":"2019-03-24T00:47:04.798Z","v":0}
{"name":"Application","host":"hostname","hostname":"agility","pid":31475,"level":20,"msg":"SNF Route =>  Importing [sample-module] routes from [api/modules/sample-module/route.js]","time":"2019-03-24T00:47:11.302Z","v":0}
{"name":"Application","host":"hostname","hostname":"agility","pid":31475,"level":20,"msg":"SNF Server =>  The sandbox is running as [default] [http://localhost:8080/]","time":"2019-03-24T00:47:11.313Z","v":0}
{"name":"Application","host":"hostname","hostname":"agility","pid":31475,"level":20,"msg":"SNF Redis =>  Connected at REDIS [localhost:6379]","time":"2019-03-24T00:47:11.401Z","v":0}
{"name":"Application","host":"hostname","hostname":"agility","pid":31475,"level":20,"msg":"SNF Database =>  Connected at database [application] [mongodb://localhost:27017/my-application]","time":"2019-03-24T00:47:11.411Z","v":0}
{"name":"Application","host":"hostname","hostname":"agility","pid":31475,"level":20,"msg":"SNF Server =>  The application has been terminated","time":"2019-03-24T00:47:22.232Z","v":0}
{"name":"Application","host":"hostname","hostname":"agility","pid":31475,"level":20,"msg":"SNF Database =>  Disconected from database [application] [mongodb://localhost:27017/my-application]","time":"2019-03-24T00:47:22.239Z","v":0}
{"name":"Application","host":"hostname","hostname":"agility","pid":31475,"level":20,"msg":"SNF Redis =>  Disconected from REDIS [localhost:6379]","time":"2019-03-24T00:47:22.243Z","v":0}
